2015-03-08 14:26 VERBOSE  api_tvdb      iptorrents      Data for The Walking Dead has expired, refreshing from tvdb
2015-03-08 14:26 VERBOSE  api_tvdb      iptorrents      Data for Shameless (US) has expired, refreshing from tvdb
2015-03-08 14:26 VERBOSE  api_tvdb      iptorrents      Data for Community has expired, refreshing from tvdb
2015-03-08 14:26 VERBOSE  api_tvdb      iptorrents      Data for South Park has expired, refreshing from tvdb
2015-03-08 14:26 VERBOSE  api_tvdb      iptorrents      Data for Adventure Time has expired, refreshing from tvdb
2015-03-08 14:26 VERBOSE  api_tvdb      iptorrents      Data for Broad City has expired, refreshing from tvdb
2015-03-08 14:26 VERBOSE  api_tvdb      iptorrents      Data for Orphan Black has expired, refreshing from tvdb
2015-03-08 14:26 VERBOSE  api_tvdb      iptorrents      Data for House of Cards (US) has expired, refreshing from tvdb
2015-03-08 14:26 VERBOSE  api_tvdb      iptorrents      Data for Supernatural has expired, refreshing from tvdb
2015-03-08 14:26 VERBOSE  series        iptorrents      Series The Walking Dead is already configured in series plugin
2015-03-08 14:26 VERBOSE  series        iptorrents      Series The Venture Bros. is already configured in series plugin
2015-03-08 14:26 VERBOSE  series        iptorrents      Series South Park is already configured in series plugin
2015-03-08 14:26 VERBOSE  series        iptorrents      Series Girls is already configured in series plugin
2015-03-08 14:26 VERBOSE  series        iptorrents      Series Game of Thrones is already configured in series plugin
2015-03-08 14:26 VERBOSE  details       iptorrents      Produced 100 entries.
2015-03-08 14:26 VERBOSE  series        iptorrents      Auto enabling exact matching for series Doctor Who (reason Doctor Who 2005)
2015-03-08 14:26 VERBOSE  task          iptorrents      REJECTED: `Saturday Night Live S40E15 720p HDTV x264-BAJSKORV` by seen plugin because entry with title `Saturday Night Live S40E15 720p HDTV x264-BAJSKORV` is already marked seen in the task iptorrents at 2015-03-08 11:26
2015-03-08 14:26 VERBOSE  details       iptorrents      Summary - Accepted: 0 (Rejected: 1 Undecided: 99 Failed: 0)
2015-03-08 14:57 WARNING  thetvdb_favorites iptorrents      Could not retrieve url: http://thetvdb.com/api/User_Favorites.php?accountid=80E67BF2004685E1
2015-03-08 14:57 ERROR    thetvdb_favorites iptorrents      Error retrieving favorites from thetvdb, using cache.
2015-03-08 14:57 VERBOSE  series        iptorrents      Series The Walking Dead is already configured in series plugin
2015-03-08 14:57 VERBOSE  series        iptorrents      Series The Venture Bros. is already configured in series plugin
2015-03-08 14:57 VERBOSE  series        iptorrents      Series South Park is already configured in series plugin
2015-03-08 14:57 VERBOSE  series        iptorrents      Series Girls is already configured in series plugin
2015-03-08 14:57 VERBOSE  series        iptorrents      Series Game of Thrones is already configured in series plugin
2015-03-08 14:57 VERBOSE  details       iptorrents      Produced 100 entries.
2015-03-08 14:57 VERBOSE  series        iptorrents      Auto enabling exact matching for series Doctor Who (reason Doctor Who 2005)
2015-03-08 14:57 VERBOSE  task          iptorrents      REJECTED: `Saturday Night Live S40E15 720p HDTV x264-BAJSKORV` by seen plugin because entry with title `Saturday Night Live S40E15 720p HDTV x264-BAJSKORV` is already marked seen in the task iptorrents at 2015-03-08 11:26
2015-03-08 14:57 VERBOSE  details       iptorrents      Summary - Accepted: 0 (Rejected: 1 Undecided: 99 Failed: 0)
2015-03-08 15:26 VERBOSE  series        iptorrents      Series The Walking Dead is already configured in series plugin
2015-03-08 15:26 VERBOSE  series        iptorrents      Series The Venture Bros. is already configured in series plugin
2015-03-08 15:26 VERBOSE  series        iptorrents      Series South Park is already configured in series plugin
2015-03-08 15:26 VERBOSE  series        iptorrents      Series Girls is already configured in series plugin
2015-03-08 15:26 VERBOSE  series        iptorrents      Series Game of Thrones is already configured in series plugin
2015-03-08 15:26 VERBOSE  details       iptorrents      Produced 100 entries.
2015-03-08 15:26 VERBOSE  series        iptorrents      Auto enabling exact matching for series Doctor Who (reason Doctor Who 2005)
2015-03-08 15:26 VERBOSE  task          iptorrents      REJECTED: `Saturday Night Live S40E15 720p HDTV x264-BAJSKORV` by seen plugin because entry with title `Saturday Night Live S40E15 720p HDTV x264-BAJSKORV` is already marked seen in the task iptorrents at 2015-03-08 11:26
2015-03-08 15:26 VERBOSE  details       iptorrents      Summary - Accepted: 0 (Rejected: 1 Undecided: 99 Failed: 0)
2015-03-08 15:57 WARNING  thetvdb_favorites iptorrents      Could not retrieve url: http://thetvdb.com/api/User_Favorites.php?accountid=80E67BF2004685E1
2015-03-08 15:57 ERROR    thetvdb_favorites iptorrents      Error retrieving favorites from thetvdb, using cache.
2015-03-08 15:57 VERBOSE  series        iptorrents      Series The Walking Dead is already configured in series plugin
2015-03-08 15:57 VERBOSE  series        iptorrents      Series The Venture Bros. is already configured in series plugin
2015-03-08 15:57 VERBOSE  series        iptorrents      Series South Park is already configured in series plugin
2015-03-08 15:57 VERBOSE  series        iptorrents      Series Girls is already configured in series plugin
2015-03-08 15:57 VERBOSE  series        iptorrents      Series Game of Thrones is already configured in series plugin
2015-03-08 15:57 VERBOSE  details       iptorrents      Produced 100 entries.
2015-03-08 15:57 VERBOSE  series        iptorrents      Auto enabling exact matching for series Doctor Who (reason Doctor Who 2005)
2015-03-08 15:57 VERBOSE  task          iptorrents      REJECTED: `Saturday Night Live S40E15 720p HDTV x264-BAJSKORV` by seen plugin because entry with title `Saturday Night Live S40E15 720p HDTV x264-BAJSKORV` is already marked seen in the task iptorrents at 2015-03-08 11:26
2015-03-08 15:57 VERBOSE  details       iptorrents      Summary - Accepted: 0 (Rejected: 1 Undecided: 99 Failed: 0)
2015-03-08 16:27 CRITICAL task          iptorrents      BUG: Unhandled error in plugin configure_series: syntax error: line 2, column 0
Traceback (most recent call last):
  File "/usr/lib/python2.7/site-packages/flexget/task.py", line 435, in __run_plugin
    return method(*args, **kwargs)
  File "/usr/lib/python2.7/site-packages/flexget/event.py", line 22, in __call__
    return self.func(*args, **kwargs)
  File "/usr/lib/python2.7/site-packages/flexget/plugins/plugin_configure_series.py", line 69, in on_task_start
    result = method(task, input_config)
  File "/usr/lib/python2.7/site-packages/flexget/event.py", line 22, in __call__
    return self.func(*args, **kwargs)
  File "/usr/lib/python2.7/site-packages/flexget/utils/cached_input.py", line 140, in wrapped_func
    response = func(*args, **kwargs)
  File "/usr/lib/python2.7/site-packages/flexget/plugin.py", line 129, in wrapped_func
    return func(*args, **kwargs)
  File "/usr/lib/python2.7/site-packages/flexget/plugins/input/thetvdb_favorites.py", line 99, in on_task_input
    data = ElementTree.fromstring(urlopener(url, log).read())
  File "/usr/lib/python2.7/xml/etree/ElementTree.py", line 1300, in XML
    parser.feed(text)
  File "/usr/lib/python2.7/xml/etree/ElementTree.py", line 1642, in feed
    self._raiseerror(v)
  File "/usr/lib/python2.7/xml/etree/ElementTree.py", line 1506, in _raiseerror
    raise err
ParseError: syntax error: line 2, column 0
